Using pre-set license
Built from '2020.3/staging' branch; Version is '2020.3.4f1 (0abb6314276a) revision 703331'; Using compiler version '192528614'; Build Type 'Release'
OS: 'Windows 10 Home Single Language; OS build 19041.928; Version 2004; 64bit' Language: 'en' Physical Memory: 16261 MB
BatchMode: 1, IsHumanControllingUs: 0, StartBugReporterOnCrash: 0, Is64bit: 1, IsPro: 0

 COMMAND LINE ARGUMENTS:
D:\Unity Game Projects\2020.3.4f1\Editor\Unity.exe
-adb2
-batchMode
-noUpm
-name
AssetImportWorker0
-projectPath
D:/Unity Game Projects/Chaotica Heroes of Dragonblood
-logFile
Logs/AssetImportWorker0.log
-srvPort
65241
Successfully changed project path to: D:/Unity Game Projects/Chaotica Heroes of Dragonblood
D:/Unity Game Projects/Chaotica Heroes of Dragonblood
Using Asset Import Pipeline V2.
Refreshing native plugins compatible for Editor in 37.68 ms, found 1 plugins.
Preloading 0 native plugins for Editor in 0.00 ms.
Initialize engine version: 2020.3.4f1 (0abb6314276a)
[Subsystems] Discovering subsystems at path D:/Unity Game Projects/2020.3.4f1/Editor/Data/Resources/UnitySubsystems
[Subsystems] Discovering subsystems at path D:/Unity Game Projects/Chaotica Heroes of Dragonblood/Assets
GfxDevice: creating device client; threaded=0
Direct3D:
    Version:  Direct3D 11.0 [level 11.1]
    Renderer: NVIDIA GeForce GTX 1660 Ti (ID=0x2191)
    Vendor:   
    VRAM:     5991 MB
    Driver:   27.21.14.6611
Initialize mono
Mono path[0] = 'D:/Unity Game Projects/2020.3.4f1/Editor/Data/Managed'
Mono path[1] = 'D:/Unity Game Projects/2020.3.4f1/Editor/Data/MonoBleedingEdge/lib/mono/unityjit'
Mono config path = 'D:/Unity Game Projects/2020.3.4f1/Editor/Data/MonoBleedingEdge/etc'
Using monoOptions --debugger-agent=transport=dt_socket,embedding=1,server=y,suspend=n,address=127.0.0.1:56612
Begin MonoManager ReloadAssembly
Registering precompiled unity dll's ...
Register platform support module: D:/Unity Game Projects/2020.3.4f1/Editor/Data/PlaybackEngines/WebGLSupport/UnityEditor.WebGL.Extensions.dll
Register platform support module: D:/Unity Game Projects/2020.3.4f1/Editor/Data/PlaybackEngines/MacStandaloneSupport/UnityEditor.OSXStandalone.Extensions.dll
Register platform support module: D:/Unity Game Projects/2020.3.4f1/Editor/Data/PlaybackEngines/WindowsStandaloneSupport/UnityEditor.WindowsStandalone.Extensions.dll
Register platform support module: D:/Unity Game Projects/2020.3.4f1/Editor/Data/PlaybackEngines/LinuxStandaloneSupport/UnityEditor.LinuxStandalone.Extensions.dll
Registered in 0.001968 seconds.
Native extension for LinuxStandalone target not found
Native extension for WindowsStandalone target not found
Native extension for OSXStandalone target not found
Native extension for WebGL target not found
Refreshing native plugins compatible for Editor in 37.45 ms, found 1 plugins.
Preloading 0 native plugins for Editor in 0.00 ms.
Mono: successfully reloaded assembly
- Completed reload, in  2.329 seconds
Platform modules already initialized, skipping
Registering precompiled user dll's ...
Registered in 0.000874 seconds.
Begin MonoManager ReloadAssembly
Native extension for LinuxStandalone target not found
Native extension for WindowsStandalone target not found
Native extension for OSXStandalone target not found
Native extension for WebGL target not found
Refreshing native plugins compatible for Editor in 0.34 ms, found 1 plugins.
Preloading 0 native plugins for Editor in 0.00 ms.
Mono: successfully reloaded assembly
- Completed reload, in  0.801 seconds
Platform modules already initialized, skipping
========================================================================
Worker process is ready to serve import requests
Launched and connected shader compiler UnityShaderCompiler.exe after 0.05 seconds
Refreshing native plugins compatible for Editor in 0.37 ms, found 1 plugins.
Preloading 0 native plugins for Editor in 0.00 ms.
Unloading 1669 Unused Serialized files (Serialized files now loaded: 0)
System memory in use before: 80.7 MB.
System memory in use after: 80.8 MB.

Unloading 19 unused Assets to reduce memory usage. Loaded Objects now: 2117.
Total: 2.175400 ms (FindLiveObjects: 0.392800 ms CreateObjectMapping: 0.189600 ms MarkObjects: 1.540000 ms  DeleteObjects: 0.052100 ms)

========================================================================
Received Import Request.
  path: Assets/Animation/Weapons/Light Hammer/LightAttackLightHammer.anim
  artifactKey: Guid(9873433f5cf6f3d4b8b4c89022dacf4d) Importer(815301076,1909f56bfc062723c751e8b465ee728b)
Start importing Assets/Animation/Weapons/Light Hammer/LightAttackLightHammer.anim using Guid(9873433f5cf6f3d4b8b4c89022dacf4d) Importer(815301076,1909f56bfc062723c751e8b465ee728b)  -> (artifact id: '9324f911765ee1b7eae3ee2b790cfa04') in 0.038776 seconds
  Import took 0.703319 seconds .

========================================================================
Received Import Request.
  Time since last request: 1.758177 seconds.
  path: Assets/Animation/Weapons/Light Hammer/LightAttackLightHammerFWD.anim
  artifactKey: Guid(9873433f5cf6f3d4b8b4c89022dacf4d) Importer(815301076,1909f56bfc062723c751e8b465ee728b)
Start importing Assets/Animation/Weapons/Light Hammer/LightAttackLightHammerFWD.anim using Guid(9873433f5cf6f3d4b8b4c89022dacf4d) Importer(815301076,1909f56bfc062723c751e8b465ee728b)  -> (artifact id: 'a24a314d652bca0085f3999e9148dfb3') in 0.002552 seconds
  Import took 0.061946 seconds .

========================================================================
Received Import Request.
  Time since last request: 9.310593 seconds.
  path: Assets/Animation/Character/Player.controller
  artifactKey: Guid(a97ee2f5a916e84459507f8ffa69faeb) Importer(815301076,1909f56bfc062723c751e8b465ee728b)
Start importing Assets/Animation/Character/Player.controller using Guid(a97ee2f5a916e84459507f8ffa69faeb) Importer(815301076,1909f56bfc062723c751e8b465ee728b)  -> (artifact id: '9a92c9b45d38724d1e5866727f28193f') in 0.031651 seconds
  Import took 0.052114 seconds .

========================================================================
Received Prepare
Registering precompiled user dll's ...
Registered in 0.001067 seconds.
Begin MonoManager ReloadAssembly
Native extension for LinuxStandalone target not found
Native extension for WindowsStandalone target not found
Native extension for OSXStandalone target not found
Native extension for WebGL target not found
Refreshing native plugins compatible for Editor in 0.38 ms, found 1 plugins.
Preloading 0 native plugins for Editor in 0.00 ms.
Mono: successfully reloaded assembly
- Completed reload, in  0.826 seconds
Platform modules already initialized, skipping
Refreshing native plugins compatible for Editor in 0.36 ms, found 1 plugins.
Preloading 0 native plugins for Editor in 0.00 ms.
Unloading 1661 Unused Serialized files (Serialized files now loaded: 0)
System memory in use before: 80.4 MB.
System memory in use after: 80.5 MB.

Unloading 8 unused Assets to reduce memory usage. Loaded Objects now: 2120.
Total: 2.001800 ms (FindLiveObjects: 0.271700 ms CreateObjectMapping: 0.101300 ms MarkObjects: 1.612000 ms  DeleteObjects: 0.015100 ms)

========================================================================
Received Prepare
Registering precompiled user dll's ...
Registered in 0.000899 seconds.
Begin MonoManager ReloadAssembly
Native extension for LinuxStandalone target not found
Native extension for WindowsStandalone target not found
Native extension for OSXStandalone target not found
Native extension for WebGL target not found
Refreshing native plugins compatible for Editor in 0.38 ms, found 1 plugins.
Preloading 0 native plugins for Editor in 0.00 ms.
Mono: successfully reloaded assembly
- Completed reload, in  0.855 seconds
Platform modules already initialized, skipping
Refreshing native plugins compatible for Editor in 0.39 ms, found 1 plugins.
Preloading 0 native plugins for Editor in 0.00 ms.
Unloading 1661 Unused Serialized files (Serialized files now loaded: 0)
System memory in use before: 80.4 MB.
System memory in use after: 80.5 MB.

Unloading 8 unused Assets to reduce memory usage. Loaded Objects now: 2123.
Total: 1.923800 ms (FindLiveObjects: 0.150800 ms CreateObjectMapping: 0.050800 ms MarkObjects: 1.708300 ms  DeleteObjects: 0.013000 ms)

========================================================================
Received Prepare
Registering precompiled user dll's ...
Registered in 0.000893 seconds.
Begin MonoManager ReloadAssembly
Native extension for LinuxStandalone target not found
Native extension for WindowsStandalone target not found
Native extension for OSXStandalone target not found
Native extension for WebGL target not found
Refreshing native plugins compatible for Editor in 0.36 ms, found 1 plugins.
Preloading 0 native plugins for Editor in 0.00 ms.
Mono: successfully reloaded assembly
- Completed reload, in  0.779 seconds
Platform modules already initialized, skipping
Refreshing native plugins compatible for Editor in 0.36 ms, found 1 plugins.
Preloading 0 native plugins for Editor in 0.00 ms.
Unloading 1661 Unused Serialized files (Serialized files now loaded: 0)
System memory in use before: 80.5 MB.
System memory in use after: 80.6 MB.

Unloading 8 unused Assets to reduce memory usage. Loaded Objects now: 2126.
Total: 1.849500 ms (FindLiveObjects: 0.180800 ms CreateObjectMapping: 0.064700 ms MarkObjects: 1.587600 ms  DeleteObjects: 0.015300 ms)

AssetImportWorkerClient::OnTransportError - code=2 error=End of file
